2021-01-18 14:44:21,830:INFO:PyCaret Supervised Module
2021-01-18 14:44:21,832:INFO:ML Usecase: classification
2021-01-18 14:44:21,833:INFO:version 2.2.3
2021-01-18 14:44:21,835:INFO:Initializing setup()
2021-01-18 14:44:21,836:INFO:setup(target=fds, ml_usecase=classification, available_plots={'parameter': 'Hyperparameters', 'auc': 'AUC', 'confusion_matrix': 'Confusion Matrix', 'threshold': 'Threshold', 'pr': 'Precision Recall', 'error': 'Prediction Error', 'class_report': 'Class Report', 'rfe': 'Feature Selection', 'learning': 'Learning Curve', 'manifold': 'Manifold Learning', 'calibration': 'Calibration Curve', 'vc': 'Validation Curve', 'dimension': 'Dimensions', 'feature': 'Feature Importance', 'feature_all': 'Feature Importance (All)', 'boundary': 'Decision Boundary', 'lift': 'Lift Chart', 'gain': 'Gain Chart', 'tree': 'Decision Tree'}, train_size=0.7, test_data=None, preprocess=True, imputation_type=simple, iterative_imputation_iters=5, categorical_features=None, categorical_imputation=constant, categorical_iterative_imputer=lightgbm, ordinal_features=None, high_cardinality_features=None, high_cardinality_method=frequency, numeric_features=None, numeric_imputation=mean, numeric_iterative_imputer=lightgbm, date_features=None, ignore_features=None, normalize=False, normalize_method=zscore, transformation=False, transformation_method=yeo-johnson, handle_unknown_categorical=True, unknown_categorical_method=least_frequent, pca=False, pca_method=linear, pca_components=None, ignore_low_variance=False, combine_rare_levels=False, rare_level_threshold=0.1, bin_numeric_features=None, remove_outliers=False, outliers_threshold=0.05, remove_multicollinearity=False, multicollinearity_threshold=0.9, remove_perfect_collinearity=True, create_clusters=False, cluster_iter=20, polynomial_features=False, polynomial_degree=2, trigonometry_features=False, polynomial_threshold=0.1, group_features=None, group_names=None, feature_selection=False, feature_selection_threshold=0.8, feature_selection_method=classic, feature_interaction=False, feature_ratio=False, interaction_threshold=0.01, fix_imbalance=False, fix_imbalance_method=None, transform_target=False, transform_target_method=box-cox, data_split_shuffle=True, data_split_stratify=False, fold_strategy=stratifiedkfold, fold=10, fold_shuffle=False, fold_groups=None, n_jobs=-1, use_gpu=False, custom_pipeline=None, html=True, session_id=None, log_experiment=False, experiment_name=None, log_plots=False, log_profile=False, log_data=False, silent=False, verbose=True, profile=False, profile_kwargs=None, display=None)
2021-01-18 14:44:21,892:INFO:Checking environment
2021-01-18 14:44:21,894:INFO:python_version: 3.8.5
2021-01-18 14:44:21,895:INFO:python_build: ('default', 'Sep  3 2020 21:29:08')
2021-01-18 14:44:21,896:INFO:machine: AMD64
2021-01-18 14:44:21,898:INFO:platform: Windows-10-10.0.19041-SP0
2021-01-18 14:44:21,899:INFO:Memory: svmem(total=8469975040, available=3789451264, percent=55.3, used=4680523776, free=3789451264)
2021-01-18 14:44:21,900:INFO:Physical Core: 2
2021-01-18 14:44:21,901:INFO:Logical Core: 4
2021-01-18 14:44:21,903:INFO:Checking libraries
2021-01-18 14:44:21,904:INFO:pd==1.1.3
2021-01-18 14:44:21,910:INFO:numpy==1.19.2
2021-01-18 14:44:21,913:INFO:sklearn==0.23.2
2021-01-18 14:44:21,915:INFO:xgboost==1.3.1
2021-01-18 14:44:21,918:INFO:lightgbm==3.1.1
2021-01-18 14:44:23,292:INFO:catboost==0.24.3
2021-01-18 14:44:38,383:INFO:mlflow==1.13
2021-01-18 14:44:38,386:INFO:Checking Exceptions
2021-01-18 14:44:38,389:INFO:Declaring global variables
2021-01-18 14:44:38,392:INFO:USI: 261c
2021-01-18 14:44:38,398:INFO:pycaret_globals: {'USI', 'target_param', 'transform_target_param', 'data_before_preprocess', '_ml_usecase', 'logging_param', 'pycaret_globals', 'display_container', 'fold_param', '_all_models', 'iterative_imputation_iters_param', 'log_plots_param', 'transform_target_method_param', 'X_train', 'X', '_available_plots', 'y', 'imputation_classifier', 'fold_groups_param', 'imputation_regressor', 'fix_imbalance_method_param', 'stratify_param', 'master_model_container', 'y_test', '_all_metrics', 'n_jobs_param', 'X_test', 'prep_pipe', 'gpu_param', 'exp_name_log', 'seed', 'experiment__', '_internal_pipeline', 'fix_imbalance_param', '_gpu_n_jobs_param', 'fold_shuffle_param', '_all_models_internal', 'y_train', 'html_param', 'create_model_container', 'fold_generator'}
2021-01-18 14:44:38,403:INFO:Preparing display monitor
2021-01-18 14:44:38,407:INFO:Preparing display monitor
2021-01-18 14:44:38,445:INFO:Importing libraries
2021-01-18 14:44:38,446:INFO:Copying data for preprocessing
2021-01-18 14:44:38,466:INFO:Declaring preprocessing parameters
2021-01-18 14:44:38,472:INFO:Creating preprocessing pipeline
2021-01-18 14:44:38,488:INFO:Preprocessing pipeline created successfully
2021-01-18 14:44:38,490:ERROR:(Process Exit): setup has been interupted with user command 'quit'. setup must rerun.
2021-01-18 14:44:38,492:INFO:Creating global containers
2021-01-18 14:44:38,494:INFO:Internal pipeline: Pipeline(memory=None, steps=[('empty_step', 'passthrough')], verbose=False)
2021-01-18 15:37:32,351:INFO:PyCaret Supervised Module
2021-01-18 15:37:32,352:INFO:ML Usecase: classification
2021-01-18 15:37:32,353:INFO:version 2.2.3
2021-01-18 15:37:32,355:INFO:Initializing setup()
2021-01-18 15:37:32,356:INFO:setup(target=fds, ml_usecase=classification, available_plots={'parameter': 'Hyperparameters', 'auc': 'AUC', 'confusion_matrix': 'Confusion Matrix', 'threshold': 'Threshold', 'pr': 'Precision Recall', 'error': 'Prediction Error', 'class_report': 'Class Report', 'rfe': 'Feature Selection', 'learning': 'Learning Curve', 'manifold': 'Manifold Learning', 'calibration': 'Calibration Curve', 'vc': 'Validation Curve', 'dimension': 'Dimensions', 'feature': 'Feature Importance', 'feature_all': 'Feature Importance (All)', 'boundary': 'Decision Boundary', 'lift': 'Lift Chart', 'gain': 'Gain Chart', 'tree': 'Decision Tree'}, train_size=0.7, test_data=None, preprocess=True, imputation_type=simple, iterative_imputation_iters=5, categorical_features=None, categorical_imputation=constant, categorical_iterative_imputer=lightgbm, ordinal_features=None, high_cardinality_features=None, high_cardinality_method=frequency, numeric_features=None, numeric_imputation=mean, numeric_iterative_imputer=lightgbm, date_features=None, ignore_features=None, normalize=False, normalize_method=zscore, transformation=False, transformation_method=yeo-johnson, handle_unknown_categorical=True, unknown_categorical_method=least_frequent, pca=False, pca_method=linear, pca_components=None, ignore_low_variance=False, combine_rare_levels=False, rare_level_threshold=0.1, bin_numeric_features=None, remove_outliers=False, outliers_threshold=0.05, remove_multicollinearity=False, multicollinearity_threshold=0.9, remove_perfect_collinearity=True, create_clusters=False, cluster_iter=20, polynomial_features=False, polynomial_degree=2, trigonometry_features=False, polynomial_threshold=0.1, group_features=None, group_names=None, feature_selection=False, feature_selection_threshold=0.8, feature_selection_method=classic, feature_interaction=False, feature_ratio=False, interaction_threshold=0.01, fix_imbalance=False, fix_imbalance_method=None, transform_target=False, transform_target_method=box-cox, data_split_shuffle=True, data_split_stratify=False, fold_strategy=stratifiedkfold, fold=10, fold_shuffle=False, fold_groups=None, n_jobs=-1, use_gpu=False, custom_pipeline=None, html=True, session_id=None, log_experiment=False, experiment_name=None, log_plots=False, log_profile=False, log_data=False, silent=False, verbose=True, profile=False, profile_kwargs=None, display=None)
2021-01-18 15:37:32,357:INFO:Checking environment
2021-01-18 15:37:32,358:INFO:python_version: 3.8.5
2021-01-18 15:37:32,359:INFO:python_build: ('default', 'Sep  3 2020 21:29:08')
2021-01-18 15:37:32,360:INFO:machine: AMD64
2021-01-18 15:37:32,361:INFO:platform: Windows-10-10.0.19041-SP0
2021-01-18 15:37:32,363:INFO:Memory: svmem(total=8469975040, available=3588784128, percent=57.6, used=4881190912, free=3588784128)
2021-01-18 15:37:32,364:INFO:Physical Core: 2
2021-01-18 15:37:32,365:INFO:Logical Core: 4
2021-01-18 15:37:32,366:INFO:Checking libraries
2021-01-18 15:37:32,367:INFO:pd==1.1.3
2021-01-18 15:37:32,368:INFO:numpy==1.19.2
2021-01-18 15:37:32,369:INFO:sklearn==0.23.2
2021-01-18 15:37:32,371:INFO:xgboost==1.3.1
2021-01-18 15:37:32,372:INFO:lightgbm==3.1.1
2021-01-18 15:37:32,373:INFO:catboost==0.24.3
2021-01-18 15:37:32,374:INFO:mlflow==1.13
2021-01-18 15:37:32,375:INFO:Checking Exceptions
2021-01-18 15:37:32,376:INFO:Declaring global variables
2021-01-18 15:37:32,378:INFO:USI: 815e
2021-01-18 15:37:32,379:INFO:pycaret_globals: {'USI', 'target_param', 'transform_target_param', 'data_before_preprocess', '_ml_usecase', 'logging_param', 'pycaret_globals', 'display_container', 'fold_param', '_all_models', 'iterative_imputation_iters_param', 'log_plots_param', 'transform_target_method_param', 'X_train', 'X', '_available_plots', 'y', 'imputation_classifier', 'fold_groups_param', 'imputation_regressor', 'fix_imbalance_method_param', 'stratify_param', 'master_model_container', 'y_test', '_all_metrics', 'n_jobs_param', 'X_test', 'prep_pipe', 'gpu_param', 'exp_name_log', 'seed', 'experiment__', '_internal_pipeline', 'fix_imbalance_param', '_gpu_n_jobs_param', 'fold_shuffle_param', '_all_models_internal', 'y_train', 'html_param', 'create_model_container', 'fold_generator'}
2021-01-18 15:37:32,380:INFO:Preparing display monitor
2021-01-18 15:37:32,381:INFO:Preparing display monitor
2021-01-18 15:37:32,405:INFO:Importing libraries
2021-01-18 15:37:32,406:INFO:Copying data for preprocessing
2021-01-18 15:37:32,424:INFO:Declaring preprocessing parameters
2021-01-18 15:37:32,427:INFO:Creating preprocessing pipeline
2021-01-18 15:37:32,440:INFO:Preprocessing pipeline created successfully
2021-01-18 15:37:32,441:ERROR:(Process Exit): setup has been interupted with user command 'quit'. setup must rerun.
2021-01-18 15:37:32,442:INFO:Creating global containers
2021-01-18 15:37:32,444:INFO:Internal pipeline: Pipeline(memory=None, steps=[('empty_step', 'passthrough')], verbose=False)
2021-01-18 15:56:46,186:INFO:PyCaret Supervised Module
2021-01-18 15:56:46,187:INFO:ML Usecase: regression
2021-01-18 15:56:46,189:INFO:version 2.2.3
2021-01-18 15:56:46,190:INFO:Initializing setup()
2021-01-18 15:56:46,191:INFO:setup(target=fds, ml_usecase=regression, available_plots={'parameter': 'Hyperparameters', 'residuals': 'Residuals', 'error': 'Prediction Error', 'cooks': 'Cooks Distance', 'rfe': 'Feature Selection', 'learning': 'Learning Curve', 'manifold': 'Manifold Learning', 'vc': 'Validation Curve', 'feature': 'Feature Importance', 'feature_all': 'Feature Importance (All)', 'tree': 'Decision Tree'}, train_size=0.7, test_data=None, preprocess=True, imputation_type=simple, iterative_imputation_iters=5, categorical_features=None, categorical_imputation=constant, categorical_iterative_imputer=lightgbm, ordinal_features=None, high_cardinality_features=None, high_cardinality_method=frequency, numeric_features=None, numeric_imputation=mean, numeric_iterative_imputer=lightgbm, date_features=None, ignore_features=None, normalize=True, normalize_method=zscore, transformation=False, transformation_method=yeo-johnson, handle_unknown_categorical=True, unknown_categorical_method=least_frequent, pca=False, pca_method=linear, pca_components=None, ignore_low_variance=False, combine_rare_levels=True, rare_level_threshold=0.1, bin_numeric_features=None, remove_outliers=True, outliers_threshold=0.05, remove_multicollinearity=False, multicollinearity_threshold=0.9, remove_perfect_collinearity=True, create_clusters=False, cluster_iter=20, polynomial_features=False, polynomial_degree=2, trigonometry_features=False, polynomial_threshold=0.1, group_features=None, group_names=None, feature_selection=False, feature_selection_threshold=0.8, feature_selection_method=classic, feature_interaction=False, feature_ratio=False, interaction_threshold=0.01, fix_imbalance=False, fix_imbalance_method=None, transform_target=False, transform_target_method=box-cox, data_split_shuffle=True, data_split_stratify=False, fold_strategy=kfold, fold=10, fold_shuffle=False, fold_groups=None, n_jobs=-1, use_gpu=False, custom_pipeline=None, html=True, session_id=1, log_experiment=False, experiment_name=None, log_plots=False, log_profile=False, log_data=False, silent=False, verbose=True, profile=False, profile_kwargs=None, display=None)
2021-01-18 15:56:46,192:INFO:Checking environment
2021-01-18 15:56:46,194:INFO:python_version: 3.8.5
2021-01-18 15:56:46,195:INFO:python_build: ('default', 'Sep  3 2020 21:29:08')
2021-01-18 15:56:46,196:INFO:machine: AMD64
2021-01-18 15:56:46,197:INFO:platform: Windows-10-10.0.19041-SP0
2021-01-18 15:56:46,198:INFO:Memory: svmem(total=8469975040, available=2867802112, percent=66.1, used=5602172928, free=2867802112)
2021-01-18 15:56:46,199:INFO:Physical Core: 2
2021-01-18 15:56:46,200:INFO:Logical Core: 4
2021-01-18 15:56:46,201:INFO:Checking libraries
2021-01-18 15:56:46,202:INFO:pd==1.1.3
2021-01-18 15:56:46,203:INFO:numpy==1.19.2
2021-01-18 15:56:46,204:INFO:sklearn==0.23.2
2021-01-18 15:56:46,206:INFO:xgboost==1.3.1
2021-01-18 15:56:46,207:INFO:lightgbm==3.1.1
2021-01-18 15:56:46,208:INFO:catboost==0.24.3
2021-01-18 15:56:46,209:INFO:mlflow==1.13
2021-01-18 15:56:46,210:INFO:Checking Exceptions
2021-01-18 15:56:46,211:INFO:Declaring global variables
2021-01-18 15:56:46,212:INFO:USI: e363
2021-01-18 15:56:46,214:INFO:pycaret_globals: {'USI', 'target_param', 'transform_target_param', 'data_before_preprocess', '_ml_usecase', 'logging_param', 'pycaret_globals', 'display_container', 'fold_param', '_all_models', 'iterative_imputation_iters_param', 'log_plots_param', 'transform_target_method_param', 'X_train', 'X', '_available_plots', 'y', 'imputation_classifier', 'fold_groups_param', 'imputation_regressor', 'fix_imbalance_method_param', 'stratify_param', 'master_model_container', 'y_test', '_all_metrics', 'n_jobs_param', 'X_test', 'prep_pipe', 'gpu_param', 'exp_name_log', 'seed', 'experiment__', '_internal_pipeline', 'fix_imbalance_param', '_gpu_n_jobs_param', 'fold_shuffle_param', '_all_models_internal', 'y_train', 'html_param', 'create_model_container', 'fold_generator'}
2021-01-18 15:56:46,215:INFO:Preparing display monitor
2021-01-18 15:56:46,216:INFO:Preparing display monitor
2021-01-18 15:56:46,251:INFO:Importing libraries
2021-01-18 15:56:46,253:INFO:Copying data for preprocessing
2021-01-18 15:56:46,276:INFO:Declaring preprocessing parameters
2021-01-18 15:56:46,279:INFO:Creating preprocessing pipeline
2021-01-18 15:56:46,293:INFO:Preprocessing pipeline created successfully
2021-01-18 15:56:46,294:ERROR:(Process Exit): setup has been interupted with user command 'quit'. setup must rerun.
2021-01-18 15:56:46,295:INFO:Creating global containers
2021-01-18 15:56:46,297:INFO:Internal pipeline: Pipeline(memory=None, steps=[('empty_step', 'passthrough')], verbose=False)
